<?xml version="1.0" encoding="UTF-8"?>
<!-- Generated by org.testng.reporters.JUnitXMLReporter -->
<testsuite ignored="1" hostname="DESKTOP-SRU0R49" failures="0" tests="1" name="Default test" time="2.449" errors="0" timestamp="2025-04-19T10:58:58 EET">
  <testcase classname="maven.firstMaven.AppTest" name="FillingtheInputFields" time="0.518"/>
  <testcase classname="maven.firstMaven.AppTest" name="ScrollTest" time="0.0">
    <ignored/>
  </testcase> <!-- ScrollTest -->
</testsuite> <!-- Default test -->
