<?xml version="1.0" encoding="UTF-8"?>
<testng-results ignored="1" total="2" passed="1" failed="0" skipped="0">
  <reporter-output>
  </reporter-output>
  <suite started-at="2025-04-19T10:58:55 EET" name="Default suite" finished-at="2025-04-19T10:58:58 EET" duration-ms="2449">
    <groups>
    </groups>
    <test started-at="2025-04-19T10:58:55 EET" name="Default test" finished-at="2025-04-19T10:58:58 EET" duration-ms="2449">
      <class name="maven.firstMaven.AppTest">
        <test-method is-config="true" signature="mySetup()[pri:0, instance:maven.firstMaven.AppTest@424ebba3]" started-at="2025-04-19T10:58:55 EET" name="mySetup" finished-at="2025-04-19T10:58:57 EET" duration-ms="1855" status="PASS">
          <reporter-output>
          </reporter-output>
        </test-method> <!-- mySetup -->
        <test-method signature="FillingtheInputFields()[pri:0, instance:maven.firstMaven.AppTest@424ebba3]" started-at="2025-04-19T10:58:57 EET" name="FillingtheInputFields" finished-at="2025-04-19T10:58:58 EET" duration-ms="518" status="PASS">
          <reporter-output>
          </reporter-output>
        </test-method> <!-- FillingtheInputFields -->
      </class> <!-- maven.firstMaven.AppTest -->
    </test> <!-- Default test -->
  </suite> <!-- Default suite -->
</testng-results>
